<?xml version="1.0" encoding="UTF-8"?>
<!-- Generated by org.testng.reporters.JUnitReportReporter -->
<testsuite hostname="RAMYA-PC" name="testNGbasicAnnotations.PriorityTest" tests="4" failures="0" timestamp="17 Nov 2020 03:23:27 GMT" time="0.009" errors="0">
  <testcase name="login" time="0.003" classname="testNGbasicAnnotations.PriorityTest"/>
  <testcase name="bookTicket" time="0.003" classname="testNGbasicAnnotations.PriorityTest"/>
  <testcase name="searchTicket" time="0.001" classname="testNGbasicAnnotations.PriorityTest"/>
  <testcase name="cancelTicket" time="0.002" classname="testNGbasicAnnotations.PriorityTest"/>
</testsuite> <!-- testNGbasicAnnotations.PriorityTest -->
