<?xml version="1.0" encoding="UTF-8"?>
<!-- Generated by org.testng.reporters.JUnitReportReporter -->
<testsuite hostname="RAMYA-PC" name="testNGbasicAnnotations.GroupingTesting" tests="5" failures="0" timestamp="18 Nov 2020 03:20:55 GMT" time="0.015" errors="0">
  <testcase name="selectDataTicket" time="0.001" classname="testNGbasicAnnotations.GroupingTesting"/>
  <testcase name="cardbookTicket" time="0.001" classname="testNGbasicAnnotations.GroupingTesting"/>
  <testcase name="gPaybookTicket" time="0.001" classname="testNGbasicAnnotations.GroupingTesting"/>
  <testcase name="searchTicket" time="0.001" classname="testNGbasicAnnotations.GroupingTesting"/>
  <testcase name="bookTicket" time="0.011" classname="testNGbasicAnnotations.GroupingTesting"/>
</testsuite> <!-- testNGbasicAnnotations.GroupingTesting -->
