<?xml version="1.0" encoding="UTF-8"?>
<!-- Generated by org.testng.reporters.JUnitReportReporter -->
<testsuite hostname="RAMYA-PC" name="attributeTest.ParralleTest" tests="2" failures="0" timestamp="17 Nov 2020 03:33:24 GMT" time="23.241" errors="0">
  <testcase name="googleTest" time="8.609" classname="attributeTest.ParralleTest"/>
  <testcase name="facebookTest" time="14.632" classname="attributeTest.ParralleTest"/>
</testsuite> <!-- attributeTest.ParralleTest -->
