<?xml version="1.0" encoding="UTF-8"?>
<!-- Generated by org.testng.reporters.JUnitReportReporter -->
<testsuite hostname="RAMYA-PC" name="attributeTest.ParameterizationTestWiki" tests="1" failures="0" timestamp="18 Nov 2020 03:07:57 GMT" time="25.810" errors="0">
  <testcase name="GoogleTest" time="25.810" classname="attributeTest.ParameterizationTestWiki"/>
</testsuite> <!-- attributeTest.ParameterizationTestWiki -->
