<?xml version="1.0" encoding="UTF-8"?>
<!-- Generated by org.testng.reporters.JUnitReportReporter -->
<testsuite hostname="RAMYA-PC" name="attributeTest.ParameterizationTest" tests="1" failures="0" timestamp="18 Nov 2020 02:55:57 GMT" time="10.853" errors="0">
  <testcase name="GoogleTest" time="10.853" classname="attributeTest.ParameterizationTest"/>
</testsuite> <!-- attributeTest.ParameterizationTest -->
